Platanus version: 1.2.4
platanus assemble -o Poil -f sub1.fastq.trimmed sub2.fastq.trimmed 

K = 32, saving kmers from reads...
AVE_READ_LEN=97.5824

KMER_EXTENSION:
K=32, KMER_COVERAGE=159.928 (>= 31), COVERAGE_CUTOFF=31
K=42, KMER_COVERAGE=135.909, COVERAGE_CUTOFF=31, PROB_SPLIT=10e-inf
K=52, KMER_COVERAGE=111.889, COVERAGE_CUTOFF=31, PROB_SPLIT=10e-inf
K=62, KMER_COVERAGE=87.8695, COVERAGE_CUTOFF=31, PROB_SPLIT=10e-11.0507
K=72, KMER_COVERAGE=63.8499, COVERAGE_CUTOFF=18, PROB_SPLIT=10e-10.4203
K=82, KMER_COVERAGE=39.8303, COVERAGE_CUTOFF=6, PROB_SPLIT=10e-10.2782
K=86, KMER_COVERAGE=30.2225, COVERAGE_CUTOFF=2, PROB_SPLIT=10e-10.932
K=87, KMER_COVERAGE=27.8205, COVERAGE_CUTOFF=2, PROB_SPLIT=10e-10.3216
loading kmers...
connecting kmers...
removing branches...
BRANCH_DELETE_THRESHOLD=0.5
NUM_CUT=72
NUM_CUT=0
TOTAL_NUM_CUT=72
mapping reads on de Bruijn Graph nodes...
TOTAL_MAPPED_READS=8641156
TOTAL_UNMAPPED_READS=943204
TOTAL_SHORT_READS(<32)=41835
NUM_DELETE_NODE(reads are unmapped)=59
NUM_CUT_NODE=12
extracting reads (containing kmer used in contig assemble)...
K = 42, loading kmers from contigs...
K = 42, saving additional kmers(not found in contigs) from reads...
COVERAGE_CUTOFF = 31
loading kmers...
connecting kmers...
removing branches...
BRANCH_DELETE_THRESHOLD=0.5
NUM_CUT=14
NUM_CUT=0
TOTAL_NUM_CUT=14
mapping reads on de Bruijn Graph nodes...
TOTAL_MAPPED_READS=8587439
TOTAL_UNMAPPED_READS=934938
TOTAL_SHORT_READS(<42)=103818
NUM_DELETE_NODE(reads are unmapped)=15
NUM_CUT_NODE=10
extracting reads (containing kmer used in contig assemble)...
K = 52, loading kmers from contigs...
K = 52, saving additional kmers(not found in contigs) from reads...
COVERAGE_CUTOFF = 31
loading kmers...
connecting kmers...
removing branches...
BRANCH_DELETE_THRESHOLD=0.5
NUM_CUT=10
NUM_CUT=0
TOTAL_NUM_CUT=10
mapping reads on de Bruijn Graph nodes...
TOTAL_MAPPED_READS=8528242
TOTAL_UNMAPPED_READS=924371
TOTAL_SHORT_READS(<52)=173582
NUM_DELETE_NODE(reads are unmapped)=4
NUM_CUT_NODE=5
extracting reads (containing kmer used in contig assemble)...
K = 62, loading kmers from contigs...
K = 62, saving additional kmers(not found in contigs) from reads...
COVERAGE_CUTOFF = 31
loading kmers...
connecting kmers...
removing branches...
BRANCH_DELETE_THRESHOLD=0.5
NUM_CUT=9
NUM_CUT=0
TOTAL_NUM_CUT=9
mapping reads on de Bruijn Graph nodes...
TOTAL_MAPPED_READS=8458023
TOTAL_UNMAPPED_READS=908066
TOTAL_SHORT_READS(<62)=260106
NUM_DELETE_NODE(reads are unmapped)=4
NUM_CUT_NODE=9
extracting reads (containing kmer used in contig assemble)...
K = 72, loading kmers from contigs...
K = 72, saving additional kmers(not found in contigs) from reads...
COVERAGE_CUTOFF = 18
loading kmers...
connecting kmers...
removing branches...
BRANCH_DELETE_THRESHOLD=0.5
NUM_CUT=21
NUM_CUT=0
TOTAL_NUM_CUT=21
mapping reads on de Bruijn Graph nodes...
TOTAL_MAPPED_READS=8360230
TOTAL_UNMAPPED_READS=883609
TOTAL_SHORT_READS(<72)=382356
NUM_DELETE_NODE(reads are unmapped)=9
NUM_CUT_NODE=8
extracting reads (containing kmer used in contig assemble)...
K = 82, loading kmers from contigs...
K = 82, saving additional kmers(not found in contigs) from reads...
COVERAGE_CUTOFF = 6
loading kmers...
connecting kmers...
removing branches...
BRANCH_DELETE_THRESHOLD=0.5
NUM_CUT=69
NUM_CUT=0
TOTAL_NUM_CUT=69
mapping reads on de Bruijn Graph nodes...
TOTAL_MAPPED_READS=8212217
TOTAL_UNMAPPED_READS=844231
TOTAL_SHORT_READS(<82)=569747
NUM_DELETE_NODE(reads are unmapped)=20
NUM_CUT_NODE=18
extracting reads (containing kmer used in contig assemble)...
K = 86, loading kmers from contigs...
K = 86, saving additional kmers(not found in contigs) from reads...
COVERAGE_CUTOFF = 2
loading kmers...
connecting kmers...
removing branches...
BRANCH_DELETE_THRESHOLD=0.5
NUM_CUT=233
NUM_CUT=2
NUM_CUT=0
TOTAL_NUM_CUT=235
mapping reads on de Bruijn Graph nodes...
TOTAL_MAPPED_READS=8123371
TOTAL_UNMAPPED_READS=821217
TOTAL_SHORT_READS(<86)=681607
NUM_DELETE_NODE(reads are unmapped)=28
NUM_CUT_NODE=43
extracting reads (containing kmer used in contig assemble)...
K = 87, loading kmers from contigs...
K = 87, saving additional kmers(not found in contigs) from reads...
COVERAGE_CUTOFF = 2
loading kmers...
connecting kmers...
removing branches...
BRANCH_DELETE_THRESHOLD=0.5
NUM_CUT=140
NUM_CUT=1
NUM_CUT=0
TOTAL_NUM_CUT=141
LENGTH_CUTOFF = 174
COVERAGE_CUTOFF = 3
removing erroneous nodes...
NUM_REMOVED_NODES=9
NUM_REMOVED_NODES=2
NUM_REMOVED_NODES=0
TOTAL_NUM_REMOVED_NODES=11
AVE_KMER_COV_REMOVING_BUBBLE=27.7657
removing bubbles...
BUBBLE_IDENTITY_THRESHOLD=0.1
NUM_REMOVED_BUBBLES=0
TOTAL_NUM_REMOVED_BUBBLES=0
mapping reads on de Bruijn Graph nodes...
TOTAL_MAPPED_READS=8096308
TOTAL_UNMAPPED_READS=814550
TOTAL_SHORT_READS(<87)=715337
NUM_DELETE_NODE(reads are unmapped)=0
NUM_CUT_NODE=14
assemble completed!

#### PROCESS INFORMATION ####
VmPeak:          14.188 GByte
VmHWM:            4.649 GByte
